<?xml version="1.0" encoding="UTF-8"?>
<testsuite name="com.example.core.network.RelayClientTest" tests="4" skipped="0" failures="0" errors="0" timestamp="2026-09-10T09:10:37.146Z" hostname="runnervmejwal" time="0.507">
  <properties/>
  <testcase name="unconfigured RelayClient reports isConfigured false" classname="com.example.core.network.RelayClientTest" time="0.076"/>
  <testcase name="sendViaRelay to an unregistered target returns null instead of hanging" classname="com.example.core.network.RelayClientTest" time="0.061"/>
  <testcase name="sendViaRelay delivers a packet to a registered peer unchanged" classname="com.example.core.network.RelayClientTest" time="0.34"/>
  <testcase name="start with a non-empty host makes isConfigured true" classname="com.example.core.network.RelayClientTest" time="0.025"/>
  <system-out><![CDATA[]]></system-out>
  <system-err><![CDATA[]]></system-err>
</testsuite>
